rc 0
out
--------
TEST 00 first test - passed
TEST 01 second test - passed
TEST 02 parameterised test(02 [] a.txt) - passed
TEST 02 parameterised test(02 [] z.txt) - failed
  expected
    u"content is 'bAr\\n'"
  but got
    u"content is 'bar\\n'"
  at log line 2

  File "02 parameterised test.tst.py", line 12, in T
    checkContent(data)
  File "02 parameterised test.tst.py", line 8, in checkContent
    t("content is {!r}", file(name).readline())

TEST 03 other parameterised test(030) - error
Traceback (most recent call last):
  File "tst.py", line 57, in testing
    yield
  File "runtsts.py", line 58, in main
    testFn(testDataPathName)
  File "03 other parameterised test.tst.py", line 5, in T
    i = 3 / 0
ZeroDivisionError: integer division or modulo by zero

TEST 04 final test - passed

--------
err
--------

--------
diffs
--------



--- 02 parameterised test(02 [] z.txt).log
+++ 02 parameterised test(02 [] z.txt).log
@@ -1,4 +1,4 @@
 test data is z.txt
-content is 'bAr\n'
+content is 'bar\n'
 done!
 



--------

